c:\users\hp pro\documents\visual studio 2017\projects\misc\fighting simulation\fighting simulation\debug\fighting simulation.pch
c:\users\hp pro\documents\visual studio 2017\projects\misc\fighting simulation\fighting simulation\debug\vc141.pdb
c:\users\hp pro\documents\visual studio 2017\projects\misc\fighting simulation\fighting simulation\debug\vc141.idb
c:\users\hp pro\documents\visual studio 2017\projects\misc\fighting simulation\fighting simulation\debug\stdafx.obj
c:\users\hp pro\documents\visual studio 2017\projects\misc\fighting simulation\fighting simulation\debug\creature.obj
c:\users\hp pro\documents\visual studio 2017\projects\misc\fighting simulation\fighting simulation\debug\fighting simulation.obj
c:\users\hp pro\documents\visual studio 2017\projects\misc\fighting simulation\fighting simulation\debug\fightlogic.obj
c:\users\hp pro\documents\visual studio 2017\projects\misc\fighting simulation\fighting simulation\debug\inventory.obj
c:\users\hp pro\documents\visual studio 2017\projects\misc\fighting simulation\fighting simulation\debug\item.obj
c:\users\hp pro\documents\visual studio 2017\projects\misc\fighting simulation\fighting simulation\debug\monster.obj
c:\users\hp pro\documents\visual studio 2017\projects\misc\fighting simulation\fighting simulation\debug\player.obj
c:\users\hp pro\documents\visual studio 2017\projects\misc\fighting simulation\fighting simulation\debug\shop.obj
c:\users\hp pro\documents\visual studio 2017\projects\misc\fighting simulation\fighting simulation\debug\utlity.obj
c:\users\hp pro\documents\visual studio 2017\projects\misc\fighting simulation\fighting simulation\debug\vcpkg.applocal.log
c:\users\hp pro\documents\visual studio 2017\projects\misc\fighting simulation\debug\fighting simulation.ilk
c:\users\hp pro\documents\visual studio 2017\projects\misc\fighting simulation\debug\fighting simulation.exe
c:\users\hp pro\documents\visual studio 2017\projects\misc\fighting simulation\debug\fighting simulation.pdb
c:\users\hp pro\documents\visual studio 2017\projects\misc\fighting simulation\fighting simulation\debug\fighting.4e3da1bc.tlog\cl.command.1.tlog
c:\users\hp pro\documents\visual studio 2017\projects\misc\fighting simulation\fighting simulation\debug\fighting.4e3da1bc.tlog\cl.read.1.tlog
c:\users\hp pro\documents\visual studio 2017\projects\misc\fighting simulation\fighting simulation\debug\fighting.4e3da1bc.tlog\cl.write.1.tlog
c:\users\hp pro\documents\visual studio 2017\projects\misc\fighting simulation\fighting simulation\debug\fighting.4e3da1bc.tlog\fighting simulation.write.1u.tlog
c:\users\hp pro\documents\visual studio 2017\projects\misc\fighting simulation\fighting simulation\debug\fighting.4e3da1bc.tlog\link.command.1.tlog
c:\users\hp pro\documents\visual studio 2017\projects\misc\fighting simulation\fighting simulation\debug\fighting.4e3da1bc.tlog\link.read.1.tlog
c:\users\hp pro\documents\visual studio 2017\projects\misc\fighting simulation\fighting simulation\debug\fighting.4e3da1bc.tlog\link.write.1.tlog
